
2023-01-25 15:24:54,437: INFO: *********Test_001_login*********
2023-01-25 15:24:54,437: INFO: *******Started******
2023-01-25 15:24:55,977: INFO: *******Pass******
2023-01-25 15:24:57,299: INFO: *******verify the login page******
2023-01-25 15:25:02,544: INFO: *******Pass******
2023-01-25 16:22:03,404: INFO: *********Test_001_login*********
2023-01-25 16:22:03,405: INFO: *******Started******
2023-01-25 16:22:05,059: INFO: *******Pass******
2023-01-25 16:22:06,358: INFO: *******verify the login page******
2023-01-25 16:22:11,351: INFO: *******Pass******
2023-01-25 16:39:58,860: INFO: *********Test_001_login*********
2023-01-25 16:39:58,860: INFO: *******Started******
2023-01-25 16:40:00,626: INFO: *******Pass******
2023-01-25 16:40:01,971: INFO: *******verify the login page******
2023-01-25 16:40:07,564: INFO: *******Pass******
2023-01-25 17:34:34,086: INFO: *********Test_001_login*********
2023-01-25 17:34:34,087: INFO: *******Started******
2023-01-25 17:34:51,748: INFO: *******Pass******
2023-01-25 17:34:52,908: INFO: *******verify the login page******
2023-01-25 17:34:57,579: INFO: *******Pass******
2023-01-25 17:50:47,515: INFO: *********Test_001_login*********
2023-01-25 17:50:47,515: INFO: *******Started******
2023-01-25 17:50:49,063: INFO: *******Pass******
2023-01-25 17:50:50,203: INFO: *******verify the login page******
2023-01-25 17:50:55,711: INFO: *******Pass******
2023-01-25 17:55:43,355: INFO: *********Test_001_login*********
2023-01-25 17:55:43,355: INFO: *******Started******
2023-01-25 17:55:43,463: INFO: *******verify the login page******
2023-01-25 17:55:45,027: INFO: *******Pass******
2023-01-25 17:55:48,951: INFO: *******Pass******
2023-01-25 17:56:11,818: INFO: *********Test_001_login*********
2023-01-25 17:56:11,818: INFO: *******Started******
2023-01-25 17:56:11,901: INFO: *******verify the login page******
2023-01-25 17:56:12,667: INFO: *******Pass******
2023-01-25 17:56:16,525: INFO: *******Pass******
2023-01-25 18:24:51,865: INFO: *******verify the login page******
2023-01-25 18:24:51,929: INFO: *********Test_001_login*********
2023-01-25 18:24:51,929: INFO: *******Started******
2023-01-25 18:24:56,588: INFO: *******Pass******
2023-01-25 18:25:10,047: INFO: *******Pass******
2023-01-25 18:25:49,053: INFO: *********Test_001_login*********
2023-01-25 18:25:49,054: INFO: *******Started******
2023-01-25 18:25:49,128: INFO: *******verify the login page******
2023-01-25 18:25:50,271: INFO: *******Pass******
2023-01-25 18:25:54,380: INFO: *******Pass******
2023-01-25 18:26:29,078: INFO: *********Test_001_login*********
2023-01-25 18:26:29,079: INFO: *******Started******
2023-01-25 18:26:30,448: INFO: *******Pass******
2023-01-25 18:26:31,635: INFO: *******verify the login page******
2023-01-25 18:26:36,055: INFO: *******Pass******
2023-01-25 18:26:49,916: INFO: *********Test_001_login*********
2023-01-25 18:26:49,916: INFO: *******Started******
2023-01-25 18:26:52,769: INFO: *******Pass******
2023-01-25 18:26:53,977: INFO: *******verify the login page******
2023-01-25 18:27:01,184: INFO: *******Pass******
2023-01-25 18:27:29,528: INFO: *********Test_001_login*********
2023-01-25 18:27:29,529: INFO: *******Started******
2023-01-25 18:27:46,430: INFO: *******Pass******
2023-01-25 18:27:47,725: INFO: *******verify the login page******
2023-01-25 18:27:50,851: INFO: *******Pass******
2023-01-25 18:51:17,713: INFO: *********Test_001_login*********
2023-01-25 18:51:17,713: INFO: *******Started******
2023-01-25 18:51:19,302: INFO: *******Pass******
2023-01-25 18:51:20,476: INFO: *******verify the login page******
2023-01-25 18:51:26,907: INFO: *******Pass******
2023-01-25 18:51:35,419: INFO: *********Test_001_login*********
2023-01-25 18:51:35,419: INFO: *******Started******
2023-01-25 18:51:37,025: INFO: *******Pass******
2023-01-25 18:51:38,327: INFO: *******verify the login page******
2023-01-25 18:51:44,125: INFO: *******Pass******
2023-01-25 18:51:54,432: INFO: *********Test_001_login*********
2023-01-25 18:51:54,600: INFO: *******Started******
2023-01-25 18:51:55,476: INFO: *******verify the login page******
2023-01-25 18:51:59,332: INFO: *******Pass******
2023-01-25 18:52:05,059: INFO: *******Pass******
2023-01-25 19:04:18,257: INFO: *********Test_001_login*********
2023-01-25 19:04:18,257: INFO: *******Started******
2023-01-25 19:04:18,412: INFO: *******verify the login page******
2023-01-25 19:04:20,299: INFO: *******Pass******
2023-01-25 19:04:24,781: INFO: *******Pass******
2023-01-25 19:13:13,582: INFO: *******verify the login page******
2023-01-25 19:13:13,727: INFO: *********Test_001_login*********
2023-01-25 19:13:13,727: INFO: *******Started******
2023-01-25 19:13:13,727: DEBUG: ***********hello****************
2023-01-25 19:13:15,579: INFO: *******Pass******
2023-01-25 19:13:20,441: INFO: *******Pass******
2023-01-27 10:36:13,263: INFO: *******verify the login page******
2023-01-27 10:36:19,736: INFO: *******Pass******
2023-01-27 10:38:32,408: INFO: *********Test_001_login*********
2023-01-27 10:38:32,408: INFO: *******Started******
2023-01-27 10:38:32,408: DEBUG: ***********hello****************
2023-01-27 10:38:50,095: INFO: *******Pass******
2023-01-27 10:38:51,420: INFO: *******verify the login page******
2023-01-27 10:38:55,907: INFO: *******Pass******
2023-01-27 11:25:31,346: INFO: *******verify the login page******
2023-01-27 11:25:31,375: INFO: *********Test_001_login*********
2023-01-27 11:25:31,375: INFO: *******Started******
2023-01-27 11:25:31,376: DEBUG: ***********hello****************
2023-01-27 11:25:36,297: INFO: *******Pass******
2023-01-27 11:25:49,179: INFO: *******Pass******
2023-01-27 11:26:10,066: INFO: *********Test_001_login*********
2023-01-27 11:26:10,067: INFO: *******Started******
2023-01-27 11:26:10,067: DEBUG: ***********hello****************
2023-01-27 11:26:10,633: INFO: *******verify the login page******
2023-01-27 11:26:30,878: INFO: *******Pass******
2023-01-27 11:26:33,937: INFO: *******Pass******
2023-01-27 11:31:56,342: INFO: *******verify the login page******
2023-01-27 11:31:56,358: INFO: *********Test_001_login*********
2023-01-27 11:31:56,358: INFO: *******Started******
2023-01-27 11:31:56,358: DEBUG: ***********hello****************
2023-01-27 11:32:02,778: INFO: *******Fail******
2023-01-27 11:32:14,236: INFO: *******Pass******
2023-01-27 12:51:26,725: INFO: *******verify the login page******
2023-01-27 12:53:16,036: INFO: *******verify the login page******
2023-01-27 12:53:23,723: INFO: **********login ddt passsed*****
2023-01-27 12:54:17,402: INFO: *******verify the login page******
2023-01-27 12:54:25,909: INFO: **********login ddt passsed*****
2023-01-27 12:57:33,956: INFO: *******verify the login page******
2023-01-27 12:59:28,693: INFO: *******verify the login page******
2023-01-27 12:59:47,266: INFO: *******verify the login page******
2023-01-27 13:00:27,895: INFO: *******verify the login page******
2023-01-27 13:00:50,078: INFO: *******verify the login page******
2023-01-27 13:01:52,066: INFO: *******verify the login page******
2023-01-27 13:02:02,264: INFO: *******verify the login page******
2023-02-01 11:05:51,487: INFO: *******verify the login page******
2023-02-01 11:07:48,986: INFO: *******verify the login page******
